# JRE version: Java(TM) SE Runtime Environment (8.0_181-b13) (build 1.8.0_181-b13)
# Java VM: Java HotSpot(TM) 64-Bit Server VM (25.181-b13 mixed mode windows-amd64 compressed oops)
Heap:
 PSYoungGen      total 187904K, used 141162K [0x00000000ebb80000, 0x00000000f8800000, 0x0000000100000000)
  eden space 178688K, 78% used [0x00000000ebb80000,0x00000000f455a958,0x00000000f6a00000)
  from space 9216K, 0% used [0x00000000f7f00000,0x00000000f7f00000,0x00000000f8800000)
  to   space 15360K, 0% used [0x00000000f6a00000,0x00000000f6a00000,0x00000000f7900000)
 ParOldGen       total 65024K, used 20335K [0x00000000c3200000, 0x00000000c7180000, 0x00000000ebb80000)
  object space 65024K, 31% used [0x00000000c3200000,0x00000000c45dbcc0,0x00000000c7180000)
 Metaspace       used 60207K, capacity 63142K, committed 63256K, reserved 1103872K
  class space    used 8199K, capacity 8705K, committed 8752K, reserved 1048576K
GC Heap History (10 events):
Event: 10.550 GC heap before
{Heap before GC invocations=11 (full 1):
 PSYoungGen      total 128000K, used 116903K [0x00000000ebb80000, 0x00000000f5880000, 0x0000000100000000)
  eden space 119296K, 90% used [0x00000000ebb80000,0x00000000f252cf48,0x00000000f3000000)
  from space 8704K, 99% used [0x00000000f3000000,0x00000000f387ce58,0x00000000f3880000)
  to   space 10752K, 0% used [0x00000000f4e00000,0x00000000f4e00000,0x00000000f5880000)
 ParOldGen       total 33280K, used 11846K [0x00000000c3200000, 0x00000000c5280000, 0x00000000ebb80000)
  object space 33280K, 35% used [0x00000000c3200000,0x00000000c3d91bd0,0x00000000c5280000)
 Metaspace       used 33552K, capacity 35316K, committed 35496K, reserved 1079296K
  class space    used 4330K, capacity 4686K, committed 4784K, reserved 1048576K
Event: 10.566 GC heap after
Heap after GC invocations=11 (full 1):
 PSYoungGen      total 148992K, used 9159K [0x00000000ebb80000, 0x00000000f6d80000, 0x0000000100000000)
  eden space 138240K, 0% used [0x00000000ebb80000,0x00000000ebb80000,0x00000000f4280000)
  from space 10752K, 85% used [0x00000000f4e00000,0x00000000f56f1d60,0x00000000f5880000)
  to   space 11776K, 0% used [0x00000000f4280000,0x00000000f4280000,0x00000000f4e00000)
 ParOldGen       total 33280K, used 12694K [0x00000000c3200000, 0x00000000c5280000, 0x00000000ebb80000)
  object space 33280K, 38% used [0x00000000c3200000,0x00000000c3e659e8,0x00000000c5280000)
 Metaspace       used 33552K, capacity 35316K, committed 35496K, reserved 1079296K
  class space    used 4330K, capacity 4686K, committed 4784K, reserved 1048576K
}
Event: 10.566 GC heap before
{Heap before GC invocations=12 (full 2):
 PSYoungGen      total 148992K, used 9159K [0x00000000ebb80000, 0x00000000f6d80000, 0x0000000100000000)
  eden space 138240K, 0% used [0x00000000ebb80000,0x00000000ebb80000,0x00000000f4280000)
  from space 10752K, 85% used [0x00000000f4e00000,0x00000000f56f1d60,0x00000000f5880000)
  to   space 11776K, 0% used [0x00000000f4280000,0x00000000f4280000,0x00000000f4e00000)
 ParOldGen       total 33280K, used 12694K [0x00000000c3200000, 0x00000000c5280000, 0x00000000ebb80000)
  object space 33280K, 38% used [0x00000000c3200000,0x00000000c3e659e8,0x00000000c5280000)
 Metaspace       used 33552K, capacity 35316K, committed 35496K, reserved 1079296K
  class space    used 4330K, capacity 4686K, committed 4784K, reserved 1048576K
Event: 10.658 GC heap after
Heap after GC invocations=12 (full 2):
 PSYoungGen      total 148992K, used 0K [0x00000000ebb80000, 0x00000000f6d80000, 0x0000000100000000)
  eden space 138240K, 0% used [0x00000000ebb80000,0x00000000ebb80000,0x00000000f4280000)
  from space 10752K, 0% used [0x00000000f4e00000,0x00000000f4e00000,0x00000000f5880000)
  to   space 11776K, 0% used [0x00000000f4280000,0x00000000f4280000,0x00000000f4e00000)
 ParOldGen       total 47104K, used 13942K [0x00000000c3200000, 0x00000000c6000000, 0x00000000ebb80000)
  object space 47104K, 29% used [0x00000000c3200000,0x00000000c3f9da28,0x00000000c6000000)
 Metaspace       used 33552K, capacity 35316K, committed 35496K, reserved 1079296K
  class space    used 4330K, capacity 4686K, committed 4784K, reserved 1048576K
}
Event: 15.747 GC heap before
{Heap before GC invocations=13 (full 2):
 PSYoungGen      total 148992K, used 138240K [0x00000000ebb80000, 0x00000000f6d80000, 0x0000000100000000)
  eden space 138240K, 100% used [0x00000000ebb80000,0x00000000f4280000,0x00000000f4280000)
  from space 10752K, 0% used [0x00000000f4e00000,0x00000000f4e00000,0x00000000f5880000)
  to   space 11776K, 0% used [0x00000000f4280000,0x00000000f4280000,0x00000000f4e00000)
 ParOldGen       total 47104K, used 13942K [0x00000000c3200000, 0x00000000c6000000, 0x00000000ebb80000)
  object space 47104K, 29% used [0x00000000c3200000,0x00000000c3f9da28,0x00000000c6000000)
 Metaspace       used 51900K, capacity 53976K, committed 54440K, reserved 1095680K
  class space    used 7136K, capacity 7546K, committed 7600K, reserved 1048576K
Event: 15.797 GC heap after
Heap after GC invocations=13 (full 2):
 PSYoungGen      total 150016K, used 11756K [0x00000000ebb80000, 0x00000000f8f00000, 0x0000000100000000)
  eden space 138240K, 0% used [0x00000000ebb80000,0x00000000ebb80000,0x00000000f4280000)
  from space 11776K, 99% used [0x00000000f4280000,0x00000000f4dfb270,0x00000000f4e00000)
  to   space 16384K, 0% used [0x00000000f7f00000,0x00000000f7f00000,0x00000000f8f00000)
 ParOldGen       total 47104K, used 21118K [0x00000000c3200000, 0x00000000c6000000, 0x00000000ebb80000)
  object space 47104K, 44% used [0x00000000c3200000,0x00000000c469fb08,0x00000000c6000000)
 Metaspace       used 51900K, capacity 53976K, committed 54440K, reserved 1095680K
  class space    used 7136K, capacity 7546K, committed 7600K, reserved 1048576K
}
Event: 30.753 GC heap before
{Heap before GC invocations=14 (full 2):
 PSYoungGen      total 150016K, used 75798K [0x00000000ebb80000, 0x00000000f8f00000, 0x0000000100000000)
  eden space 138240K, 46% used [0x00000000ebb80000,0x00000000efa0a8a8,0x00000000f4280000)
  from space 11776K, 99% used [0x00000000f4280000,0x00000000f4dfb270,0x00000000f4e00000)
  to   space 16384K, 0% used [0x00000000f7f00000,0x00000000f7f00000,0x00000000f8f00000)
 ParOldGen       total 47104K, used 21118K [0x00000000c3200000, 0x00000000c6000000, 0x00000000ebb80000)
  object space 47104K, 44% used [0x00000000c3200000,0x00000000c469fb08,0x00000000c6000000)
 Metaspace       used 56267K, capacity 59116K, committed 59160K, reserved 1099776K
  class space    used 7737K, capacity 8220K, committed 8240K, reserved 1048576K
Event: 30.772 GC heap after
Heap after GC invocations=14 (full 2):
 PSYoungGen      total 187904K, used 6296K [0x00000000ebb80000, 0x00000000f8800000, 0x0000000100000000)
  eden space 178688K, 0% used [0x00000000ebb80000,0x00000000ebb80000,0x00000000f6a00000)
  from space 9216K, 68% used [0x00000000f7f00000,0x00000000f8526250,0x00000000f8800000)
  to   space 15360K, 0% used [0x00000000f6a00000,0x00000000f6a00000,0x00000000f7900000)
 ParOldGen       total 47104K, used 25678K [0x00000000c3200000, 0x00000000c6000000, 0x00000000ebb80000)
  object space 47104K, 54% used [0x00000000c3200000,0x00000000c4b13b78,0x00000000c6000000)
 Metaspace       used 56267K, capacity 59116K, committed 59160K, reserved 1099776K
  class space    used 7737K, capacity 8220K, committed 8240K, reserved 1048576K
}
Event: 30.772 GC heap before
{Heap before GC invocations=15 (full 3):
 PSYoungGen      total 187904K, used 6296K [0x00000000ebb80000, 0x00000000f8800000, 0x0000000100000000)
  eden space 178688K, 0% used [0x00000000ebb80000,0x00000000ebb80000,0x00000000f6a00000)
  from space 9216K, 68% used [0x00000000f7f00000,0x00000000f8526250,0x00000000f8800000)
  to   space 15360K, 0% used [0x00000000f6a00000,0x00000000f6a00000,0x00000000f7900000)
 ParOldGen       total 47104K, used 25678K [0x00000000c3200000, 0x00000000c6000000, 0x00000000ebb80000)
  object space 47104K, 54% used [0x00000000c3200000,0x00000000c4b13b78,0x00000000c6000000)
 Metaspace       used 56267K, capacity 59116K, committed 59160K, reserved 1099776K
  class space    used 7737K, capacity 8220K, committed 8240K, reserved 1048576K
Event: 30.996 GC heap after
Heap after GC invocations=15 (full 3):
 PSYoungGen      total 187904K, used 0K [0x00000000ebb80000, 0x00000000f8800000, 0x0000000100000000)
  eden space 178688K, 0% used [0x00000000ebb80000,0x00000000ebb80000,0x00000000f6a00000)
  from space 9216K, 0% used [0x00000000f7f00000,0x00000000f7f00000,0x00000000f8800000)
  to   space 15360K, 0% used [0x00000000f6a00000,0x00000000f6a00000,0x00000000f7900000)
 ParOldGen       total 65024K, used 20335K [0x00000000c3200000, 0x00000000c7180000, 0x00000000ebb80000)
  object space 65024K, 31% used [0x00000000c3200000,0x00000000c45dbcc0,0x00000000c7180000)
 Metaspace       used 56267K, capacity 59116K, committed 59160K, reserved 1099776K
  class space    used 7737K, capacity 8220K, committed 8240K, reserved 1048576K
}

